<?xml version="1.0" encoding="UTF-8"?>
<testsuite name="com.mercadolibre.usermanagement.UserManagementSystemApplicationTests" tests="1" skipped="0" failures="0" errors="0" timestamp="2024-04-04T06:38:31" hostname="LAPTOP_NACHO" time="0.468">
  <properties/>
  <testcase name="contextLoads()" classname="com.mercadolibre.usermanagement.UserManagementSystemApplicationTests" time="0.468"/>
  <system-out><![CDATA[01:38:27.596 [Test worker] INFO org.springframework.test.context.support.AnnotationConfigContextLoaderUtils -- Could not detect default configuration classes for test class [com.mercadolibre.usermanagement.UserManagementSystemApplicationTests]: UserManagementSystemApplicationTests does not declare any static, non-private, non-final, nested classes annotated with @Configuration.
01:38:27.690 [Test worker] INFO org.springframework.boot.test.context.SpringBootTestContextBootstrapper -- Found @SpringBootConfiguration com.mercadolibre.usermanagement.UserManagementSystemApplication for test class com.mercadolibre.usermanagement.UserManagementSystemApplicationTests

  .   ____          _            __ _ _
 /\\ / ___'_ __ _ _(_)_ __  __ _ \ \ \ \
( ( )\___ | '_ | '_| | '_ \/ _` | \ \ \ \
 \\/  ___)| |_)| | | | | || (_| |  ) ) ) )
  '  |____| .__|_| |_|_| |_\__, | / / / /
 =========|_|==============|___/=/_/_/_/
 :: Spring Boot ::                (v3.2.4)

2024-04-04T01:38:28.049-05:00  INFO 15096 --- [User management System] [    Test worker] m.u.UserManagementSystemApplicationTests : Starting UserManagementSystemApplicationTests using Java 19.0.2 with PID 15096 (started by nachi in C:\Users\nachi\Downloads\user-management (1)\user-management)
2024-04-04T01:38:28.051-05:00  INFO 15096 --- [User management System] [    Test worker] m.u.UserManagementSystemApplicationTests : No active profile set, falling back to 1 default profile: "default"
2024-04-04T01:38:28.608-05:00  INFO 15096 --- [User management System] [    Test worker] .s.d.r.c.RepositoryConfigurationDelegate : Bootstrapping Spring Data JPA repositories in DEFAULT mode.
2024-04-04T01:38:28.662-05:00  INFO 15096 --- [User management System] [    Test worker] .s.d.r.c.RepositoryConfigurationDelegate : Finished Spring Data repository scanning in 44 ms. Found 1 JPA repository interface.
2024-04-04T01:38:29.025-05:00  INFO 15096 --- [User management System] [    Test worker] com.zaxxer.hikari.HikariDataSource       : HikariPool-1 - Starting...
2024-04-04T01:38:29.209-05:00  INFO 15096 --- [User management System] [    Test worker] com.zaxxer.hikari.pool.HikariPool        : HikariPool-1 - Added connection conn0: url=jdbc:h2:mem:testdb user=SA
2024-04-04T01:38:29.210-05:00  INFO 15096 --- [User management System] [    Test worker] com.zaxxer.hikari.HikariDataSource       : HikariPool-1 - Start completed.
2024-04-04T01:38:29.254-05:00  INFO 15096 --- [User management System] [    Test worker] o.hibernate.jpa.internal.util.LogHelper  : HHH000204: Processing PersistenceUnitInfo [name: default]
2024-04-04T01:38:29.320-05:00  INFO 15096 --- [User management System] [    Test worker] org.hibernate.Version                    : HHH000412: Hibernate ORM core version 6.4.4.Final
2024-04-04T01:38:29.355-05:00  INFO 15096 --- [User management System] [    Test worker] o.h.c.internal.RegionFactoryInitiator    : HHH000026: Second-level cache disabled
2024-04-04T01:38:29.620-05:00  INFO 15096 --- [User management System] [    Test worker] o.s.o.j.p.SpringPersistenceUnitInfo      : No LoadTimeWeaver setup: ignoring JPA class transformer
2024-04-04T01:38:29.678-05:00  WARN 15096 --- [User management System] [    Test worker] org.hibernate.orm.deprecation            : HHH90000025: H2Dialect does not need to be specified explicitly using 'hibernate.dialect' (remove the property setting and it will be selected by default)
2024-04-04T01:38:30.354-05:00  INFO 15096 --- [User management System] [    Test worker] o.h.e.t.j.p.i.JtaPlatformInitiator       : HHH000489: No JTA platform available (set 'hibernate.transaction.jta.platform' to enable JTA platform integration)
2024-04-04T01:38:30.393-05:00  INFO 15096 --- [User management System] [    Test worker] j.LocalContainerEntityManagerFactoryBean : Initialized JPA EntityManagerFactory for persistence unit 'default'
2024-04-04T01:38:30.851-05:00  WARN 15096 --- [User management System] [    Test worker] JpaBaseConfiguration$JpaWebConfiguration : spring.jpa.open-in-view is enabled by default. Therefore, database queries may be performed during view rendering. Explicitly configure spring.jpa.open-in-view to disable this warning
2024-04-04T01:38:31.132-05:00  INFO 15096 --- [User management System] [    Test worker] o.s.b.a.h2.H2ConsoleAutoConfiguration    : H2 console available at '/h2-console'. Database available at 'jdbc:h2:mem:testdb'
2024-04-04T01:38:31.194-05:00  INFO 15096 --- [User management System] [    Test worker] m.u.UserManagementSystemApplicationTests : Started UserManagementSystemApplicationTests in 3.344 seconds (process running for 4.501)
]]></system-out>
  <system-err><![CDATA[]]></system-err>
</testsuite>
